
PLAY [print all ansible facts vars and values] *********************************

TASK [Gathering Facts] *********************************************************
ok: [10.91.130.40]

TASK [display all facts] *******************************************************
ok: [10.91.130.40] => {
    "ansible_facts": {
        "all_ipv4_addresses": [
            "10.91.130.40",
            "172.17.0.1"
        ],
        "all_ipv6_addresses": [
            "fe80::9:cbff:fe0e:e602",
            "fe80::42:5aff:fed2:7f71"
        ],
        "ansible_local": {},
        "apparmor": {
            "status": "disabled"
        },
        "architecture": "x86_64",
        "bios_date": "08/24/2006",
        "bios_vendor": "Xen",
        "bios_version": "4.11.amazon",
        "board_asset_tag": "NA",
        "board_name": "NA",
        "board_serial": "NA",
        "board_vendor": "NA",
        "board_version": "NA",
        "chassis_asset_tag": "NA",
        "chassis_serial": "NA",
        "chassis_vendor": "Xen",
        "chassis_version": "NA",
        "cmdline": {
            "BOOT_IMAGE": "/boot/vmlinuz-4.14.256-197.484.amzn2.x86_64",
            "biosdevname": "0",
            "console": "ttyS0,115200n8",
            "enforcing": "1",
            "net.ifnames": "0",
            "nvme_core.io_timeout": "4294967295",
            "rd.emergency": "poweroff",
            "rd.shell": "0",
            "ro": true,
            "root": "UUID=6dcccc16-8e71-4e1e-8c24-3ab014ae1f53"
        },
        "date_time": {
            "date": "2022-02-15",
            "day": "15",
            "epoch": "1644949699",
            "epoch_int": "1644949699",
            "hour": "19",
            "iso8601": "2022-02-15T18:28:19Z",
            "iso8601_basic": "20220215T192819005596",
            "iso8601_basic_short": "20220215T192819",
            "iso8601_micro": "2022-02-15T18:28:19.005596Z",
            "minute": "28",
            "month": "02",
            "second": "19",
            "time": "19:28:19",
            "tz": "CET",
            "tz_dst": "CEST",
            "tz_offset": "+0100",
            "weekday": "Tuesday",
            "weekday_number": "2",
            "weeknumber": "07",
            "year": "2022"
        },
        "default_ipv4": {
            "address": "10.91.130.40",
            "alias": "eth0",
            "broadcast": "10.91.143.255",
            "gateway": "10.91.128.1",
            "interface": "eth0",
            "macaddress": "02:09:cb:0e:e6:02",
            "mtu": 9001,
            "netmask": "255.255.240.0",
            "network": "10.91.128.0",
            "type": "ether"
        },
        "default_ipv6": {},
        "device_links": {
            "ids": {},
            "labels": {
                "xvda1": [
                    "\\x2f"
                ]
            },
            "masters": {},
            "uuids": {
                "xvda1": [
                    "6dcccc16-8e71-4e1e-8c24-3ab014ae1f53"
                ]
            }
        },
        "devices": {
            "xvda": {
                "holders": [],
                "host": "",
                "links": {
                    "ids": [],
                    "labels": [],
                    "masters": [],
                    "uuids": []
                },
                "model": null,
                "partitions": {
                    "xvda1": {
                        "holders": [],
                        "links": {
                            "ids": [],
                            "labels": [
                                "\\x2f"
                            ],
                            "masters": [],
                            "uuids": [
                                "6dcccc16-8e71-4e1e-8c24-3ab014ae1f53"
                            ]
                        },
                        "sectors": "16773087",
                        "sectorsize": 512,
                        "size": "8.00 GB",
                        "start": "4096",
                        "uuid": "6dcccc16-8e71-4e1e-8c24-3ab014ae1f53"
                    }
                },
                "removable": "0",
                "rotational": "0",
                "sas_address": null,
                "sas_device_handle": null,
                "scheduler_mode": "noop",
                "sectors": "16777216",
                "sectorsize": "512",
                "size": "8.00 GB",
                "support_discard": "0",
                "vendor": null,
                "virtual": 1
            }
        },
        "discovered_interpreter_python": "/usr/bin/python3.8",
        "distribution": "Amazon",
        "distribution_file_parsed": true,
        "distribution_file_path": "/etc/os-release",
        "distribution_file_variety": "Amazon",
        "distribution_major_version": "2",
        "distribution_minor_version": "NA",
        "distribution_release": "NA",
        "distribution_version": "2",
        "dns": {
            "nameservers": [
                "10.91.128.2"
            ],
            "options": {
                "attempts": "5",
                "timeout": "2"
            },
            "search": [
                "eu-central-1.compute.internal",
                "aws.telekom.de"
            ]
        },
        "docker0": {
            "active": false,
            "device": "docker0",
            "features": {
                "esp_hw_offload": "off [fixed]",
                "esp_tx_csum_hw_offload": "off [fixed]",
                "fcoe_mtu": "off [fixed]",
                "generic_receive_offload": "on",
                "generic_segmentation_offload": "on",
                "highdma": "on",
                "hw_tc_offload": "off [fixed]",
                "l2_fwd_offload": "off [fixed]",
                "large_receive_offload": "off [fixed]",
                "loopback": "off [fixed]",
                "netns_local": "on [fixed]",
                "ntuple_filters": "off [fixed]",
                "receive_hashing": "off [fixed]",
                "rx_all": "off [fixed]",
                "rx_checksumming": "off [fixed]",
                "rx_fcs": "off [fixed]",
                "rx_udp_tunnel_port_offload": "off [fixed]",
                "rx_vlan_filter": "off [fixed]",
                "rx_vlan_offload": "off [fixed]",
                "rx_vlan_stag_filter": "off [fixed]",
                "rx_vlan_stag_hw_parse": "off [fixed]",
                "scatter_gather": "on",
                "tcp_segmentation_offload": "on",
                "tx_checksum_fcoe_crc": "off [fixed]",
                "tx_checksum_ip_generic": "on",
                "tx_checksum_ipv4": "off [fixed]",
                "tx_checksum_ipv6": "off [fixed]",
                "tx_checksum_sctp": "off [fixed]",
                "tx_checksumming": "on",
                "tx_esp_segmentation": "on",
                "tx_fcoe_segmentation": "on",
                "tx_gre_csum_segmentation": "on",
                "tx_gre_segmentation": "on",
                "tx_gso_partial": "on",
                "tx_gso_robust": "on",
                "tx_ipxip4_segmentation": "on",
                "tx_ipxip6_segmentation": "on",
                "tx_lockless": "on [fixed]",
                "tx_nocache_copy": "off",
                "tx_scatter_gather": "on",
                "tx_scatter_gather_fraglist": "on",
                "tx_sctp_segmentation": "on",
                "tx_tcp6_segmentation": "on",
                "tx_tcp_ecn_segmentation": "on",
                "tx_tcp_mangleid_segmentation": "on",
                "tx_tcp_segmentation": "on",
                "tx_udp_tnl_csum_segmentation": "on",
                "tx_udp_tnl_segmentation": "on",
                "tx_vlan_offload": "on",
                "tx_vlan_stag_hw_insert": "on",
                "udp_fragmentation_offload": "off",
                "vlan_challenged": "off [fixed]"
            },
            "hw_timestamp_filters": [],
            "id": "8000.02425ad27f71",
            "interfaces": [],
            "ipv4": {
                "address": "172.17.0.1",
                "broadcast": "172.17.255.255",
                "netmask": "255.255.0.0",
                "network": "172.17.0.0"
            },
            "ipv6": [
                {
                    "address": "fe80::42:5aff:fed2:7f71",
                    "prefix": "64",
                    "scope": "link"
                }
            ],
            "macaddress": "02:42:5a:d2:7f:71",
            "mtu": 1500,
            "promisc": false,
            "stp": false,
            "timestamping": [
                "rx_software",
                "software"
            ],
            "type": "bridge"
        },
        "domain": "eu-central-1.compute.internal",
        "effective_group_id": 0,
        "effective_user_id": 0,
        "env": {
            "HOME": "/root",
            "LANG": "en_US.UTF-8",
            "LOGNAME": "root",
            "LS_COLORS": "rs=0:di=38;5;27:ln=38;5;51:mh=44;38;5;15:pi=40;38;5;11:so=38;5;13:do=38;5;5:bd=48;5;232;38;5;11:cd=48;5;232;38;5;3:or=48;5;232;38;5;9:mi=05;48;5;232;38;5;15:su=48;5;196;38;5;15:sg=48;5;11;38;5;16:ca=48;5;196;38;5;226:tw=48;5;10;38;5;16:ow=48;5;10;38;5;21:st=48;5;21;38;5;15:ex=38;5;34:*.tar=38;5;9:*.tgz=38;5;9:*.arc=38;5;9:*.arj=38;5;9:*.taz=38;5;9:*.lha=38;5;9:*.lz4=38;5;9:*.lzh=38;5;9:*.lzma=38;5;9:*.tlz=38;5;9:*.txz=38;5;9:*.tzo=38;5;9:*.t7z=38;5;9:*.zip=38;5;9:*.z=38;5;9:*.Z=38;5;9:*.dz=38;5;9:*.gz=38;5;9:*.lrz=38;5;9:*.lz=38;5;9:*.lzo=38;5;9:*.xz=38;5;9:*.bz2=38;5;9:*.bz=38;5;9:*.tbz=38;5;9:*.tbz2=38;5;9:*.tz=38;5;9:*.deb=38;5;9:*.rpm=38;5;9:*.jar=38;5;9:*.war=38;5;9:*.ear=38;5;9:*.sar=38;5;9:*.rar=38;5;9:*.alz=38;5;9:*.ace=38;5;9:*.zoo=38;5;9:*.cpio=38;5;9:*.7z=38;5;9:*.rz=38;5;9:*.cab=38;5;9:*.jpg=38;5;13:*.jpeg=38;5;13:*.gif=38;5;13:*.bmp=38;5;13:*.pbm=38;5;13:*.pgm=38;5;13:*.ppm=38;5;13:*.tga=38;5;13:*.xbm=38;5;13:*.xpm=38;5;13:*.tif=38;5;13:*.tiff=38;5;13:*.png=38;5;13:*.svg=38;5;13:*.svgz=38;5;13:*.mng=38;5;13:*.pcx=38;5;13:*.mov=38;5;13:*.mpg=38;5;13:*.mpeg=38;5;13:*.m2v=38;5;13:*.mkv=38;5;13:*.webm=38;5;13:*.ogm=38;5;13:*.mp4=38;5;13:*.m4v=38;5;13:*.mp4v=38;5;13:*.vob=38;5;13:*.qt=38;5;13:*.nuv=38;5;13:*.wmv=38;5;13:*.asf=38;5;13:*.rm=38;5;13:*.rmvb=38;5;13:*.flc=38;5;13:*.avi=38;5;13:*.fli=38;5;13:*.flv=38;5;13:*.gl=38;5;13:*.dl=38;5;13:*.xcf=38;5;13:*.xwd=38;5;13:*.yuv=38;5;13:*.cgm=38;5;13:*.emf=38;5;13:*.axv=38;5;13:*.anx=38;5;13:*.ogv=38;5;13:*.ogx=38;5;13:*.aac=38;5;45:*.au=38;5;45:*.flac=38;5;45:*.mid=38;5;45:*.midi=38;5;45:*.mka=38;5;45:*.mp3=38;5;45:*.mpc=38;5;45:*.ogg=38;5;45:*.ra=38;5;45:*.wav=38;5;45:*.axa=38;5;45:*.oga=38;5;45:*.spx=38;5;45:*.xspf=38;5;45:",
            "MAIL": "/var/mail/ssm-user",
            "PATH": "/sbin:/bin:/usr/sbin:/usr/bin",
            "PWD": "/home/ssm-user",
            "SHELL": "/bin/bash",
            "SHLVL": "1",
            "SUDO_COMMAND": "/bin/sh -c echo BECOME-SUCCESS-oesbcxnfnryvqpbgdcjvgmqrvkwvnwpj ; /usr/bin/python3.8 /home/ssm-user/.ansible/tmp/ansible-tmp-1644949697.9703288-4912-179352097393449/AnsiballZ_setup.py",
            "SUDO_GID": "1002",
            "SUDO_UID": "1001",
            "SUDO_USER": "ssm-user",
            "TERM": "xterm-256color",
            "USER": "root",
            "USERNAME": "root",
            "XDG_SESSION_ID": "29",
            "_": "/usr/bin/python3.8"
        },
        "eth0": {
            "active": true,
            "device": "eth0",
            "features": {
                "esp_hw_offload": "off [fixed]",
                "esp_tx_csum_hw_offload": "off [fixed]",
                "fcoe_mtu": "off [fixed]",
                "generic_receive_offload": "on",
                "generic_segmentation_offload": "on",
                "highdma": "off [fixed]",
                "hw_tc_offload": "off [fixed]",
                "l2_fwd_offload": "off [fixed]",
                "large_receive_offload": "off [fixed]",
                "loopback": "off [fixed]",
                "netns_local": "off [fixed]",
                "ntuple_filters": "off [fixed]",
                "receive_hashing": "off [fixed]",
                "rx_all": "off [fixed]",
                "rx_checksumming": "on [fixed]",
                "rx_fcs": "off [fixed]",
                "rx_udp_tunnel_port_offload": "off [fixed]",
                "rx_vlan_filter": "off [fixed]",
                "rx_vlan_offload": "off [fixed]",
                "rx_vlan_stag_filter": "off [fixed]",
                "rx_vlan_stag_hw_parse": "off [fixed]",
                "scatter_gather": "on",
                "tcp_segmentation_offload": "on",
                "tx_checksum_fcoe_crc": "off [fixed]",
                "tx_checksum_ip_generic": "off [fixed]",
                "tx_checksum_ipv4": "on [fixed]",
                "tx_checksum_ipv6": "on",
                "tx_checksum_sctp": "off [fixed]",
                "tx_checksumming": "on",
                "tx_esp_segmentation": "off [fixed]",
                "tx_fcoe_segmentation": "off [fixed]",
                "tx_gre_csum_segmentation": "off [fixed]",
                "tx_gre_segmentation": "off [fixed]",
                "tx_gso_partial": "off [fixed]",
                "tx_gso_robust": "on [fixed]",
                "tx_ipxip4_segmentation": "off [fixed]",
                "tx_ipxip6_segmentation": "off [fixed]",
                "tx_lockless": "off [fixed]",
                "tx_nocache_copy": "off",
                "tx_scatter_gather": "on",
                "tx_scatter_gather_fraglist": "off [fixed]",
                "tx_sctp_segmentation": "off [fixed]",
                "tx_tcp6_segmentation": "on",
                "tx_tcp_ecn_segmentation": "off [fixed]",
                "tx_tcp_mangleid_segmentation": "off",
                "tx_tcp_segmentation": "on",
                "tx_udp_tnl_csum_segmentation": "off [fixed]",
                "tx_udp_tnl_segmentation": "off [fixed]",
                "tx_vlan_offload": "off [fixed]",
                "tx_vlan_stag_hw_insert": "off [fixed]",
                "udp_fragmentation_offload": "off",
                "vlan_challenged": "off [fixed]"
            },
            "hw_timestamp_filters": [],
            "ipv4": {
                "address": "10.91.130.40",
                "broadcast": "10.91.143.255",
                "netmask": "255.255.240.0",
                "network": "10.91.128.0"
            },
            "ipv6": [
                {
                    "address": "fe80::9:cbff:fe0e:e602",
                    "prefix": "64",
                    "scope": "link"
                }
            ],
            "macaddress": "02:09:cb:0e:e6:02",
            "module": "xen_netfront",
            "mtu": 9001,
            "pciid": "vif-0",
            "promisc": false,
            "timestamping": [
                "rx_software",
                "software"
            ],
            "type": "ether"
        },
        "fibre_channel_wwn": [],
        "fips": false,
        "form_factor": "Other",
        "fqdn": "ip-10-91-130-40.eu-central-1.compute.internal",
        "gather_subset": [
            "all"
        ],
        "hostname": "ip-10-91-130-40",
        "hostnqn": "",
        "interfaces": [
            "eth0",
            "lo",
            "docker0"
        ],
        "is_chroot": false,
        "iscsi_iqn": "",
        "kernel": "4.14.256-197.484.amzn2.x86_64",
        "kernel_version": "#1 SMP Tue Nov 30 00:17:50 UTC 2021",
        "lo": {
            "active": true,
            "device": "lo",
            "features": {
                "esp_hw_offload": "off [fixed]",
                "esp_tx_csum_hw_offload": "off [fixed]",
                "fcoe_mtu": "off [fixed]",
                "generic_receive_offload": "on",
                "generic_segmentation_offload": "on",
                "highdma": "on [fixed]",
                "hw_tc_offload": "off [fixed]",
                "l2_fwd_offload": "off [fixed]",
                "large_receive_offload": "off [fixed]",
                "loopback": "on [fixed]",
                "netns_local": "on [fixed]",
                "ntuple_filters": "off [fixed]",
                "receive_hashing": "off [fixed]",
                "rx_all": "off [fixed]",
                "rx_checksumming": "on [fixed]",
                "rx_fcs": "off [fixed]",
                "rx_udp_tunnel_port_offload": "off [fixed]",
                "rx_vlan_filter": "off [fixed]",
                "rx_vlan_offload": "off [fixed]",
                "rx_vlan_stag_filter": "off [fixed]",
                "rx_vlan_stag_hw_parse": "off [fixed]",
                "scatter_gather": "on",
                "tcp_segmentation_offload": "on",
                "tx_checksum_fcoe_crc": "off [fixed]",
                "tx_checksum_ip_generic": "on [fixed]",
                "tx_checksum_ipv4": "off [fixed]",
                "tx_checksum_ipv6": "off [fixed]",
                "tx_checksum_sctp": "on [fixed]",
                "tx_checksumming": "on",
                "tx_esp_segmentation": "off [fixed]",
                "tx_fcoe_segmentation": "off [fixed]",
                "tx_gre_csum_segmentation": "off [fixed]",
                "tx_gre_segmentation": "off [fixed]",
                "tx_gso_partial": "off [fixed]",
                "tx_gso_robust": "off [fixed]",
                "tx_ipxip4_segmentation": "off [fixed]",
                "tx_ipxip6_segmentation": "off [fixed]",
                "tx_lockless": "on [fixed]",
                "tx_nocache_copy": "off [fixed]",
                "tx_scatter_gather": "on [fixed]",
                "tx_scatter_gather_fraglist": "on [fixed]",
                "tx_sctp_segmentation": "on",
                "tx_tcp6_segmentation": "on",
                "tx_tcp_ecn_segmentation": "on",
                "tx_tcp_mangleid_segmentation": "on",
                "tx_tcp_segmentation": "on",
                "tx_udp_tnl_csum_segmentation": "off [fixed]",
                "tx_udp_tnl_segmentation": "off [fixed]",
                "tx_vlan_offload": "off [fixed]",
                "tx_vlan_stag_hw_insert": "off [fixed]",
                "udp_fragmentation_offload": "off",
                "vlan_challenged": "on [fixed]"
            },
            "hw_timestamp_filters": [],
            "ipv4": {
                "address": "127.0.0.1",
                "broadcast": "",
                "netmask": "255.0.0.0",
                "network": "127.0.0.0"
            },
            "ipv6": [
                {
                    "address": "::1",
                    "prefix": "128",
                    "scope": "host"
                }
            ],
            "mtu": 65536,
            "promisc": false,
            "timestamping": [
                "tx_software",
                "rx_software",
                "software"
            ],
            "type": "loopback"
        },
        "lsb": {},
        "lvm": {
            "lvs": {},
            "pvs": {},
            "vgs": {}
        },
        "machine": "x86_64",
        "machine_id": "517a4798a1094468b390562d8e466358",
        "memfree_mb": 133,
        "memory_mb": {
            "nocache": {
                "free": 575,
                "used": 407
            },
            "real": {
                "free": 133,
                "total": 982,
                "used": 849
            },
            "swap": {
                "cached": 0,
                "free": 0,
                "total": 0,
                "used": 0
            }
        },
        "memtotal_mb": 982,
        "module_setup": true,
        "mounts": [
            {
                "block_available": 1464272,
                "block_size": 4096,
                "block_total": 2094075,
                "block_used": 629803,
                "device": "/dev/xvda1",
                "fstype": "xfs",
                "inode_available": 4126705,
                "inode_total": 4193216,
                "inode_used": 66511,
                "mount": "/",
                "options": "rw,seclabel,noatime,attr2,inode64,noquota",
                "size_available": 5997658112,
                "size_total": 8577331200,
                "uuid": "6dcccc16-8e71-4e1e-8c24-3ab014ae1f53"
            }
        ],
        "nodename": "ip-10-91-130-40.eu-central-1.compute.internal",
        "os_family": "RedHat",
        "pkg_mgr": "yum",
        "proc_cmdline": {
            "BOOT_IMAGE": "/boot/vmlinuz-4.14.256-197.484.amzn2.x86_64",
            "biosdevname": "0",
            "console": [
                "tty0",
                "ttyS0,115200n8"
            ],
            "enforcing": "1",
            "net.ifnames": "0",
            "nvme_core.io_timeout": "4294967295",
            "rd.emergency": "poweroff",
            "rd.shell": "0",
            "ro": true,
            "root": "UUID=6dcccc16-8e71-4e1e-8c24-3ab014ae1f53"
        },
        "processor": [
            "0",
            "GenuineIntel",
            "Intel(R) Xeon(R) CPU E5-2676 v3 @ 2.40GHz"
        ],
        "processor_cores": 1,
        "processor_count": 1,
        "processor_nproc": 1,
        "processor_threads_per_core": 1,
        "processor_vcpus": 1,
        "product_name": "HVM domU",
        "product_serial": "ec24e13a-17df-4faa-1d17-9b8f2e5c6d07",
        "product_uuid": "EC24E13A-17DF-4FAA-1D17-9B8F2E5C6D07",
        "product_version": "4.11.amazon",
        "python": {
            "executable": "/usr/bin/python3.8",
            "has_sslcontext": true,
            "type": "cpython",
            "version": {
                "major": 3,
                "micro": 5,
                "minor": 8,
                "releaselevel": "final",
                "serial": 0
            },
            "version_info": [
                3,
                8,
                5,
                "final",
                0
            ]
        },
        "python_version": "3.8.5",
        "real_group_id": 0,
        "real_user_id": 0,
        "selinux": {
            "config_mode": "enforcing",
            "mode": "enforcing",
            "policyvers": 31,
            "status": "enabled",
            "type": "targeted"
        },
        "selinux_python_present": true,
        "service_mgr": "systemd",
        "ssh_host_key_ecdsa_public": "AAAAE2VjZHNhLXNoYTItbmlzdHAyNTYAAAAIbmlzdHAyNTYAAABBBC2nlmgWHfUCyE2F3OmAMWC5lvKS1b1BfFOH63QJMBUzPi1sPbxHFBbgcVcywsmWOG/uGh+CbiqHYECgUb4VnDQ=",
        "ssh_host_key_ecdsa_public_keytype": "ecdsa-sha2-nistp256",
        "ssh_host_key_ed25519_public": "AAAAC3NzaC1lZDI1NTE5AAAAIDcApr0vxfFnVlAI54xiLguPIbpInSPLBTUUfBMXLcpt",
        "ssh_host_key_ed25519_public_keytype": "ssh-ed25519",
        "ssh_host_key_rsa_public": "AAAAB3NzaC1yc2EAAAADAQABAAABAQCpPODcdaLapxRUc91XAfvjCQHB4+QWipQ1KTfbFIUlsbkxU830HTeaBkKg9d5woPUrDrhHuD9C2WC+die2S7nNPE9Z7W94ASdBlKoMa411HjH/98hYCGifHVr644mXYkJFzCCgrT+FI8jpqq9xF+dZURYHbxU+g6H2X5SLAt4gW6AmQrNMVaeNfuSohAPy9nHIoyuuaLo1X2sQdvd30jPnFBOiUdZICBqEOhTvF96L66vHoDfsz4/V5MBHbwD48jGbXSoa6pI2b/+YAhgFxKEX1lQGl2z6/i4VH79DfGsURAxAhlX8hp6mr9IGw+XP9ek4snxXVJrApEjJkjSwSgFF",
        "ssh_host_key_rsa_public_keytype": "ssh-rsa",
        "swapfree_mb": 0,
        "swaptotal_mb": 0,
        "system": "Linux",
        "system_capabilities": [
            "cap_chown",
            "cap_dac_override",
            "cap_dac_read_search",
            "cap_fowner",
            "cap_fsetid",
            "cap_kill",
            "cap_setgid",
            "cap_setuid",
            "cap_setpcap",
            "cap_linux_immutable",
            "cap_net_bind_service",
            "cap_net_broadcast",
            "cap_net_admin",
            "cap_net_raw",
            "cap_ipc_lock",
            "cap_ipc_owner",
            "cap_sys_module",
            "cap_sys_rawio",
            "cap_sys_chroot",
            "cap_sys_ptrace",
            "cap_sys_pacct",
            "cap_sys_admin",
            "cap_sys_boot",
            "cap_sys_nice",
            "cap_sys_resource",
            "cap_sys_time",
            "cap_sys_tty_config",
            "cap_mknod",
            "cap_lease",
            "cap_audit_write",
            "cap_audit_control",
            "cap_setfcap",
            "cap_mac_override",
            "cap_mac_admin",
            "cap_syslog",
            "35",
            "36",
            "37+ep"
        ],
        "system_capabilities_enforced": "True",
        "system_vendor": "Xen",
        "uptime_seconds": 10580,
        "user_dir": "/root",
        "user_gecos": "root",
        "user_gid": 0,
        "user_id": "root",
        "user_shell": "/bin/bash",
        "user_uid": 0,
        "userspace_architecture": "x86_64",
        "userspace_bits": "64",
        "virtualization_role": "guest",
        "virtualization_tech_guest": [
            "xen"
        ],
        "virtualization_tech_host": [],
        "virtualization_type": "xen"
    }
}

TASK [display ipv4 adresses only] **********************************************
ok: [10.91.130.40] => {
    "ansible_facts['all_ipv4_addresses']": [
        "10.91.130.40",
        "172.17.0.1"
    ]
}

PLAY RECAP *********************************************************************
10.91.130.40               : ok=3    changed=0    unreachable=0    failed=0    skipped=0    rescued=0    ignored=0   

